# JRE version: Java(TM) SE Runtime Environment (18.0+36) (build 18+36-2087)
# Java VM: Java HotSpot(TM) 64-Bit Server VM (18+36-2087, mixed mode, sharing, tiered, compressed oops, compressed class ptrs, g1 gc, windows-amd64)
GC Precious Log:
 CardTable entry size: 512
 Card Set container configuration: InlinePtr #cards 5 size 8 Array Of Cards #cards 12 size 40 Howl #buckets 4 coarsen threshold 1843 Howl Bitmap #cards 512 size 80 coarsen threshold 460 Card regions per heap region 1 cards per card region 2048
 CPUs: 8 total, 8 available
 Memory: 8029M
 Large Page Support: Disabled
 NUMA Support: Disabled
 Compressed Oops: Enabled (32-bit)
 Heap Region Size: 1M
 Heap Min Capacity: 8M
 Heap Initial Capacity: 126M
 Heap Max Capacity: 2008M
 Pre-touch: Disabled
 Parallel Workers: 8
 Concurrent Workers: 2
 Concurrent Refinement Workers: 8
 Periodic GC: Disabled
Heap:
 garbage-first heap   total 84992K, used 44781K [0x0000000082800000, 0x0000000100000000)
  region size 1024K, 22 young (22528K), 6 survivors (6144K)
 Metaspace       used 63723K, committed 64320K, reserved 1114112K
  class space    used 8594K, committed 8896K, reserved 1048576K
GC Heap History (20 events):
Event: 2.399 GC heap before
{Heap before GC invocations=1 (full 0):
 garbage-first heap   total 129024K, used 34738K [0x0000000082800000, 0x0000000100000000)
  region size 1024K, 30 young (30720K), 3 survivors (3072K)
 Metaspace       used 13564K, committed 13824K, reserved 1114112K
  class space    used 1610K, committed 1728K, reserved 1048576K
}
Event: 2.405 GC heap after
{Heap after GC invocations=2 (full 0):
 garbage-first heap   total 129024K, used 9614K [0x0000000082800000, 0x0000000100000000)
  region size 1024K, 3 young (3072K), 3 survivors (3072K)
 Metaspace       used 13564K, committed 13824K, reserved 1114112K
  class space    used 1610K, committed 1728K, reserved 1048576K
}
Event: 5.062 GC heap before
{Heap before GC invocations=2 (full 0):
 garbage-first heap   total 129024K, used 59790K [0x0000000082800000, 0x0000000100000000)
  region size 1024K, 54 young (55296K), 3 survivors (3072K)
 Metaspace       used 21173K, committed 21504K, reserved 1114112K
  class space    used 2582K, committed 2752K, reserved 1048576K
}
Event: 5.073 GC heap after
{Heap after GC invocations=3 (full 0):
 garbage-first heap   total 129024K, used 13452K [0x0000000082800000, 0x0000000100000000)
  region size 1024K, 7 young (7168K), 7 survivors (7168K)
 Metaspace       used 21173K, committed 21504K, reserved 1114112K
  class space    used 2582K, committed 2752K, reserved 1048576K
}
Event: 6.754 GC heap before
{Heap before GC invocations=4 (full 0):
 garbage-first heap   total 58368K, used 57484K [0x0000000082800000, 0x0000000100000000)
  region size 1024K, 50 young (51200K), 7 survivors (7168K)
 Metaspace       used 30002K, committed 30464K, reserved 1114112K
  class space    used 3739K, committed 3968K, reserved 1048576K
}
Event: 6.778 GC heap after
{Heap after GC invocations=5 (full 0):
 garbage-first heap   total 70656K, used 18502K [0x0000000082800000, 0x0000000100000000)
  region size 1024K, 9 young (9216K), 9 survivors (9216K)
 Metaspace       used 30002K, committed 30464K, reserved 1114112K
  class space    used 3739K, committed 3968K, reserved 1048576K
}
Event: 8.479 GC heap before
{Heap before GC invocations=5 (full 0):
 garbage-first heap   total 70656K, used 41030K [0x0000000082800000, 0x0000000100000000)
  region size 1024K, 32 young (32768K), 9 survivors (9216K)
 Metaspace       used 36329K, committed 36800K, reserved 1114112K
  class space    used 4637K, committed 4864K, reserved 1048576K
}
Event: 8.498 GC heap after
{Heap after GC invocations=6 (full 0):
 garbage-first heap   total 70656K, used 19621K [0x0000000082800000, 0x0000000100000000)
  region size 1024K, 2 young (2048K), 2 survivors (2048K)
 Metaspace       used 36329K, committed 36800K, reserved 1114112K
  class space    used 4637K, committed 4864K, reserved 1048576K
}
Event: 9.456 GC heap before
{Heap before GC invocations=7 (full 0):
 garbage-first heap   total 70656K, used 50341K [0x0000000082800000, 0x0000000100000000)
  region size 1024K, 32 young (32768K), 2 survivors (2048K)
 Metaspace       used 44627K, committed 45120K, reserved 1114112K
  class space    used 5924K, committed 6144K, reserved 1048576K
}
Event: 9.464 GC heap after
{Heap after GC invocations=8 (full 0):
 garbage-first heap   total 70656K, used 21275K [0x0000000082800000, 0x0000000100000000)
  region size 1024K, 4 young (4096K), 4 survivors (4096K)
 Metaspace       used 44627K, committed 45120K, reserved 1114112K
  class space    used 5924K, committed 6144K, reserved 1048576K
}
Event: 10.346 GC heap before
{Heap before GC invocations=8 (full 0):
 garbage-first heap   total 70656K, used 51995K [0x0000000082800000, 0x0000000100000000)
  region size 1024K, 34 young (34816K), 4 survivors (4096K)
 Metaspace       used 48897K, committed 49472K, reserved 1114112K
  class space    used 6485K, committed 6720K, reserved 1048576K
}
Event: 10.355 GC heap after
{Heap after GC invocations=9 (full 0):
 garbage-first heap   total 70656K, used 22261K [0x0000000082800000, 0x0000000100000000)
  region size 1024K, 3 young (3072K), 3 survivors (3072K)
 Metaspace       used 48897K, committed 49472K, reserved 1114112K
  class space    used 6485K, committed 6720K, reserved 1048576K
}
Event: 11.294 GC heap before
{Heap before GC invocations=9 (full 0):
 garbage-first heap   total 70656K, used 54005K [0x0000000082800000, 0x0000000100000000)
  region size 1024K, 34 young (34816K), 3 survivors (3072K)
 Metaspace       used 54352K, committed 54976K, reserved 1114112K
  class space    used 7320K, committed 7616K, reserved 1048576K
}
Event: 11.306 GC heap after
{Heap after GC invocations=10 (full 0):
 garbage-first heap   total 70656K, used 24802K [0x0000000082800000, 0x0000000100000000)
  region size 1024K, 4 young (4096K), 4 survivors (4096K)
 Metaspace       used 54352K, committed 54976K, reserved 1114112K
  class space    used 7320K, committed 7616K, reserved 1048576K
}
Event: 11.969 GC heap before
{Heap before GC invocations=10 (full 0):
 garbage-first heap   total 70656K, used 54498K [0x0000000082800000, 0x0000000100000000)
  region size 1024K, 33 young (33792K), 4 survivors (4096K)
 Metaspace       used 56099K, committed 56704K, reserved 1114112K
  class space    used 7549K, committed 7808K, reserved 1048576K
}
Event: 11.973 GC heap after
{Heap after GC invocations=11 (full 0):
 garbage-first heap   total 84992K, used 26275K [0x0000000082800000, 0x0000000100000000)
  region size 1024K, 4 young (4096K), 4 survivors (4096K)
 Metaspace       used 56099K, committed 56704K, reserved 1114112K
  class space    used 7549K, committed 7808K, reserved 1048576K
}
Event: 12.515 GC heap before
{Heap before GC invocations=11 (full 0):
 garbage-first heap   total 84992K, used 66211K [0x0000000082800000, 0x0000000100000000)
  region size 1024K, 43 young (44032K), 4 survivors (4096K)
 Metaspace       used 56458K, committed 57024K, reserved 1114112K
  class space    used 7564K, committed 7808K, reserved 1048576K
}
Event: 12.519 GC heap after
{Heap after GC invocations=12 (full 0):
 garbage-first heap   total 84992K, used 27513K [0x0000000082800000, 0x0000000100000000)
  region size 1024K, 3 young (3072K), 3 survivors (3072K)
 Metaspace       used 56458K, committed 57024K, reserved 1114112K
  class space    used 7564K, committed 7808K, reserved 1048576K
}
Event: 130.428 GC heap before
{Heap before GC invocations=12 (full 0):
 garbage-first heap   total 84992K, used 65401K [0x0000000082800000, 0x0000000100000000)
  region size 1024K, 41 young (41984K), 3 survivors (3072K)
 Metaspace       used 61020K, committed 61568K, reserved 1114112K
  class space    used 8174K, committed 8448K, reserved 1048576K
}
Event: 130.433 GC heap after
{Heap after GC invocations=13 (full 0):
 garbage-first heap   total 84992K, used 30445K [0x0000000082800000, 0x0000000100000000)
  region size 1024K, 6 young (6144K), 6 survivors (6144K)
 Metaspace       used 61020K, committed 61568K, reserved 1114112K
  class space    used 8174K, committed 8448K, reserved 1048576K
}

